<?xml version="1.0" encoding="UTF-8"?>
<!-- Generated by org.testng.reporters.JUnitXMLReporter -->
<testsuite hostname="Navdeep-Laptop" ignored="0" name="Test" tests="3" failures="0" timestamp="28 Jul 2020 05:43:06 GMT" time="13.501" errors="0">
  <testcase name="checktitle" time="0.041" classname="com.Testcases.LoginTest"/>
  <testcase name="Login_Details" time="10.47" classname="com.Testcases.LoginTest"/>
  <testcase name="Logou" time="2.835" classname="com.Testcases.HomeTest"/>
</testsuite> <!-- Test -->
