<?xml version="1.0" encoding="UTF-8"?>
<!-- Generated by org.testng.reporters.JUnitXMLReporter -->
<testsuite hostname="Navdeep-Laptop" ignored="0" name="Test" tests="3" failures="0" timestamp="28 Jul 2020 05:50:56 GMT" time="10.38" errors="0">
  <testcase name="checktitle" time="0.012" classname="com.Testcases.LoginTest"/>
  <testcase name="Login_Details" time="8.91" classname="com.Testcases.LoginTest"/>
  <testcase name="Logou" time="1.434" classname="com.Testcases.HomeTest"/>
</testsuite> <!-- Test -->
