<?xml version="1.0" encoding="UTF-8"?>
<testng-results skipped="0" failed="0" ignored="0" total="3" passed="3">
  <reporter-output>
  </reporter-output>
  <suite name="Suite" duration-ms="10380" started-at="2020-07-28T05:50:45Z" finished-at="2020-07-28T05:50:56Z">
    <groups>
    </groups>
    <test name="Test" duration-ms="10380" started-at="2020-07-28T05:50:45Z" finished-at="2020-07-28T05:50:56Z">
      <class name="com.Testcases.LoginTest">
        <test-method status="PASS" signature="Launch()[pri:0, instance:com.Testcases.LoginTest@19dc67c2]" name="Launch" is-config="true" duration-ms="18047" started-at="2020-07-28T05:50:27Z" finished-at="2020-07-28T05:50:45Z">
          <reporter-output>
          </reporter-output>
        </test-method> <!-- Launch -->
        <test-method status="PASS" signature="checktitle()[pri:0, instance:com.Testcases.LoginTest@19dc67c2]" name="checktitle" duration-ms="12" started-at="2020-07-28T05:50:45Z" finished-at="2020-07-28T05:50:45Z">
          <reporter-output>
          </reporter-output>
        </test-method> <!-- checktitle -->
        <test-method status="PASS" signature="Login_Details()[pri:0, instance:com.Testcases.LoginTest@19dc67c2]" name="Login_Details" duration-ms="8910" started-at="2020-07-28T05:50:45Z" finished-at="2020-07-28T05:50:54Z">
          <reporter-output>
          </reporter-output>
        </test-method> <!-- Login_Details -->
      </class> <!-- com.Testcases.LoginTest -->
      <class name="com.Testcases.HomeTest">
        <test-method status="PASS" signature="demo()[pri:0, instance:com.Testcases.HomeTest@221af3c0]" name="demo" is-config="true" duration-ms="2" started-at="2020-07-28T05:50:54Z" finished-at="2020-07-28T05:50:54Z">
          <reporter-output>
          </reporter-output>
        </test-method> <!-- demo -->
        <test-method status="PASS" signature="Logou()[pri:0, instance:com.Testcases.HomeTest@221af3c0]" name="Logou" duration-ms="1434" started-at="2020-07-28T05:50:54Z" finished-at="2020-07-28T05:50:56Z">
          <reporter-output>
          </reporter-output>
        </test-method> <!-- Logou -->
      </class> <!-- com.Testcases.HomeTest -->
    </test> <!-- Test -->
  </suite> <!-- Suite -->
</testng-results>
