<?xml version="1.0" encoding="UTF-8"?>
<testng-results skipped="0" failed="0" ignored="0" total="3" passed="3">
  <reporter-output>
  </reporter-output>
  <suite name="Suite" duration-ms="13501" started-at="2020-07-28T05:42:52Z" finished-at="2020-07-28T05:43:06Z">
    <groups>
    </groups>
    <test name="Test" duration-ms="13501" started-at="2020-07-28T05:42:52Z" finished-at="2020-07-28T05:43:06Z">
      <class name="com.Testcases.LoginTest">
        <test-method status="PASS" signature="Launch()[pri:0, instance:com.Testcases.LoginTest@1d548a08]" name="Launch" is-config="true" duration-ms="32019" started-at="2020-07-28T05:42:20Z" finished-at="2020-07-28T05:42:52Z">
          <reporter-output>
          </reporter-output>
        </test-method> <!-- Launch -->
        <test-method status="PASS" signature="checktitle()[pri:0, instance:com.Testcases.LoginTest@1d548a08]" name="checktitle" duration-ms="41" started-at="2020-07-28T05:42:52Z" finished-at="2020-07-28T05:42:52Z">
          <reporter-output>
          </reporter-output>
        </test-method> <!-- checktitle -->
        <test-method status="PASS" signature="Login_Details()[pri:0, instance:com.Testcases.LoginTest@1d548a08]" name="Login_Details" duration-ms="10470" started-at="2020-07-28T05:42:52Z" finished-at="2020-07-28T05:43:03Z">
          <reporter-output>
          </reporter-output>
        </test-method> <!-- Login_Details -->
      </class> <!-- com.Testcases.LoginTest -->
      <class name="com.Testcases.HomeTest">
        <test-method status="PASS" signature="demo()[pri:0, instance:com.Testcases.HomeTest@16aa0a0a]" name="demo" is-config="true" duration-ms="1" started-at="2020-07-28T05:43:03Z" finished-at="2020-07-28T05:43:03Z">
          <reporter-output>
          </reporter-output>
        </test-method> <!-- demo -->
        <test-method status="PASS" signature="Logou()[pri:0, instance:com.Testcases.HomeTest@16aa0a0a]" name="Logou" duration-ms="2835" started-at="2020-07-28T05:43:03Z" finished-at="2020-07-28T05:43:06Z">
          <reporter-output>
          </reporter-output>
        </test-method> <!-- Logou -->
      </class> <!-- com.Testcases.HomeTest -->
    </test> <!-- Test -->
  </suite> <!-- Suite -->
</testng-results>
